INFO:sim:172 - Generating IP...
Applying current project options...
Finished applying current project options.
WARNING:sim - A core named 'pllx5' already exists in the project. Output
   products for this core may be overwritten.
Resolving generics for 'pllx5'...
WARNING:sim - A core named 'pllx5' already exists in the project. Output
   products for this core may be overwritten.
Applying external generics to 'pllx5'...
Delivering associated files for 'pllx5'...
WARNING:sim - Component clk_wiz_v3_6 does not have a valid model name for
   Verilog synthesis
Delivering EJava files for 'pllx5'...
Delivered 3 files into directory
/home/andy/Documents/Projects/Retrocomp/ZX-Spectrum/karabas-go/karabas-go-core-m
enu/src/ipcore_dir/tmp/_cg/pllx5
Delivered 1 file into directory
/home/andy/Documents/Projects/Retrocomp/ZX-Spectrum/karabas-go/karabas-go-core-m
enu/src/ipcore_dir/tmp/_cg/pllx5
Generating ASY schematic symbol...
Loading device for application Rf_Device from file '6slx25.nph' in environment
/opt/Xilinx/14.7/ISE_DS/ISE/.
INFO:sim:949 - Finished generation of ASY schematic symbol.
Generating SYM schematic symbol for 'pllx5'...
Generating ISE project...
XCO file found: pllx5.xco
XMDF file found: pllx5_xmdf.tcl
Adding
/home/andy/Documents/Projects/Retrocomp/ZX-Spectrum/karabas-go/karabas-go-core-m
enu/src/ipcore_dir/tmp/_cg/pllx5.asy -view all -origin_type imported
Adding
/home/andy/Documents/Projects/Retrocomp/ZX-Spectrum/karabas-go/karabas-go-core-m
enu/src/ipcore_dir/tmp/_cg/pllx5.ucf -view all -origin_type created
Adding
/home/andy/Documents/Projects/Retrocomp/ZX-Spectrum/karabas-go/karabas-go-core-m
enu/src/ipcore_dir/tmp/_cg/pllx5.v -view all -origin_type created
INFO:HDLCompiler:1845 - Analyzing Verilog file
   "/home/andy/Documents/Projects/Retrocomp/ZX-Spectrum/karabas-go/karabas-go-co
   re-menu/src/ipcore_dir/tmp/_cg/pllx5.v" into library work
INFO:ProjectMgmt - Parsing design hierarchy completed successfully.
Adding
/home/andy/Documents/Projects/Retrocomp/ZX-Spectrum/karabas-go/karabas-go-core-m
enu/src/ipcore_dir/tmp/_cg/pllx5.veo -view all -origin_type imported
INFO:TclTasksC:2116 - The automatic calculation of top has been turned-off.
   Please set the new top explicitly by running the "project set top" command.
   To re-calculate the new top automatically, set the "Auto Implementation Top"
   property to true.
Top level has been set to "/pllx5"
Generating README file...
Generating FLIST file...
INFO:sim:948 - Finished FLIST file generation.
Launching README viewer...
Moving files to output directory...
Finished moving files to output directory
Wrote CGP file for project 'pllx5'.
